v001 porcessing...
INFO: v001 completed..
v002 porcessing...
INFO: v002 completed..
v003 porcessing...
INFO: v003 completed..
v004 porcessing...
INFO: v004 completed..
v005 porcessing...
INFO: v005 completed..
v006 porcessing...
INFO: v006 completed..
v007 porcessing...
INFO: v007 completed..
v008 porcessing...
INFO: v008 completed..
v009 porcessing...
INFO: v009 completed..
v010 porcessing...
INFO: v010 completed..
v011 porcessing...
INFO: v011 completed..
v012 porcessing...
INFO: v012 completed..
v013 porcessing...
INFO: v013 completed..
v014 porcessing...
INFO: v014 completed..
v015 porcessing...
INFO: v015 completed..
v016 porcessing...
INFO: v016 completed..
v017 porcessing...
INFO: v017 completed..
v018 porcessing...
INFO: v018 completed..
v019 porcessing...
INFO: v019 completed..
v020 porcessing...
INFO: v020 completed..
v021 porcessing...
INFO: v021 completed..
v022 porcessing...
INFO: v022 completed..
v023 porcessing...
INFO: v023 completed..
v024 porcessing...
INFO: v024 completed..
v025 porcessing...
INFO: v025 completed..
v026 porcessing...
INFO: v026 completed..
v027 porcessing...
INFO: v027 completed..
v028 porcessing...
INFO: v028 completed..
v029 porcessing...
INFO: v029 completed..
v030 porcessing...
INFO: v030 completed..
v031 porcessing...
INFO: v031 completed..
v032 porcessing...
INFO: v032 completed..
v033 porcessing...
INFO: v033 completed..
v034 porcessing...
INFO: v034 completed..
v035 porcessing...
INFO: v035 completed..
v036 porcessing...
INFO: v036 completed..
v037 porcessing...
INFO: v037 completed..
v038 porcessing...
INFO: v038 completed..
v039 porcessing...
INFO: v039 completed..
v040 porcessing...
INFO: v040 completed..
v041 porcessing...
INFO: v041 completed..
v042 porcessing...
v043 porcessing...
v044 porcessing...
v045 porcessing...
v046 porcessing...
v047 porcessing...
v048 porcessing...
v049 porcessing...
INFO: v049 completed..
v050 porcessing...
INFO: v050 completed..
v051 porcessing...
INFO: v051 completed..
v052 porcessing...
INFO: v052 completed..
v053 porcessing...
INFO: v053 completed..
v054 porcessing...
INFO: v054 completed..
v055 porcessing...
INFO: v055 completed..
v056 porcessing...
INFO: v056 completed..
v057 porcessing...
INFO: v057 completed..
v058 porcessing...
INFO: v058 completed..
v059 porcessing...
INFO: v059 completed..
v060 porcessing...
INFO: v060 completed..
v061 porcessing...
INFO: v061 completed..
v062 porcessing...
INFO: v062 completed..
v063 porcessing...
INFO: v063 completed..
v064 porcessing...
INFO: v064 completed..
v065 porcessing...
INFO: v065 completed..
v066 porcessing...
INFO: v066 completed..
v067 porcessing...
INFO: v067 completed..
v068 porcessing...
INFO: v068 completed..
v069 porcessing...
INFO: v069 completed..
v070 porcessing...
INFO: v070 completed..
v071 porcessing...
INFO: v071 completed..
v072 porcessing...
INFO: v072 completed..
v073 porcessing...
INFO: v073 completed..
v074 porcessing...
INFO: v074 completed..
v075 porcessing...
INFO: v075 completed..
v076 porcessing...
INFO: v076 completed..
v077 porcessing...
INFO: v077 completed..
v078 porcessing...
INFO: v078 completed..
v079 porcessing...
INFO: v079 completed..
v080 porcessing...
INFO: v080 completed..
v081 porcessing...
INFO: v081 completed..
v082 porcessing...
INFO: v082 completed..
v083 porcessing...
INFO: v083 completed..
v084 porcessing...
INFO: v084 completed..
v085 porcessing...
INFO: v085 completed..
v086 porcessing...
INFO: v086 completed..
v087 porcessing...
INFO: v087 completed..
v088 porcessing...
INFO: v088 completed..
v089 porcessing...
INFO: v089 completed..
v090 porcessing...
INFO: v090 completed..
v091 porcessing...
INFO: v091 completed..
v092 porcessing...
INFO: v092 completed..
v093 porcessing...
INFO: v093 completed..
v094 porcessing...
INFO: v094 completed..
v095 porcessing...
INFO: v095 completed..
v096 porcessing...
INFO: v096 completed..
v097 porcessing...
INFO: v097 completed..
v098 porcessing...
INFO: v098 completed..
v099 porcessing...
INFO: v099 completed..
v100 porcessing...
INFO: v100 completed..
v101 porcessing...
INFO: v101 completed..
v102 porcessing...
Annotation transfer started...
Mapping annotations to tofu-IDs
[INFO] Computing diffs ...
[INFO] Diff computed!
Transfering annotations...
INFO: v102 completed..
v103 porcessing...
Annotation transfer started...
Mapping annotations to tofu-IDs
[INFO] Computing diffs ...
Traceback (most recent call last):
  File "get_derge_google_hfmls.py", line 104, in <module>
    build_derge_google_pedurma(pedurma_vol_mapping, derge_vol_mapping)
  File "get_derge_google_hfmls.py", line 96, in build_derge_google_pedurma
    derge_google_vol = get_derge_google_vol(pedurma_vol, derge_vol_mapping, pedurma_vol_num)
  File "get_derge_google_hfmls.py", line 79, in get_derge_google_vol
    derge_google_vol = transfer_pg_br(derge_hfmls, pedurma_hfml)
  File "get_derge_google_hfmls.py", line 60, in transfer_pg_br
    output="txt",
  File "/home/kaldan/dip_tenjur/diplomatic-tenjur/.env/lib/python3.6/site-packages/antx/core.py", line 154, in transfer
    diffs = get_diffs(tofu_source, target)
  File "/home/kaldan/dip_tenjur/diplomatic-tenjur/.env/lib/python3.6/site-packages/antx/core.py", line 22, in get_diffs
    diffs = dmp.diff_main(text1, text2)
  File "/home/kaldan/dip_tenjur/diplomatic-tenjur/.env/lib/python3.6/site-packages/antx/utils.py", line 104, in diff_main
    diffs = json.loads(stdout, encoding="utf-8")
  File "/usr/lib/python3.6/json/__init__.py", line 354, in loads
    return _default_decoder.decode(s)
  File "/usr/lib/python3.6/json/decoder.py", line 339, in decode
    obj, end = self.raw_decode(s, idx=_w(s, 0).end())
  File "/usr/lib/python3.6/json/decoder.py", line 357, in raw_decode
    raise JSONDecodeError("Expecting value", s, err.value) from None
json.decoder.JSONDecodeError: Expecting value: line 1 column 1 (char 0)
Traceback (most recent call last):
  File "get_derge_google_hfmls.py", line 4, in <module>
    from antx import transfer
ModuleNotFoundError: No module named 'antx'
